<?xml version="1.0" encoding="UTF-8" ?>
<testsuite errors="0" failures="2" hostname="LAPTOP-RG29JPD2" name="RationalTest" skipped="0" tests="11" time="0.04" timestamp="2021-09-07T09:10:45">
  <properties>
[...]
</properties>
  <testcase classname="RationalTest" name="testComparedTo" time="0.009" />
  <testcase classname="RationalTest" name="testAdd" time="0.0" />
  <testcase classname="RationalTest" name="testSubtract" time="0.001" />
  <testcase classname="RationalTest" name="testEqual" time="0.003">
    <failure type="junit.framework.AssertionFailedError">junit.framework.AssertionFailedError
	at RationalTest.testEqual(Unknown Source)
	at com.intellij.rt.ant.execution.AntMain2.main(AntMain2.java:31)
</failure>
  </testcase>
  <testcase classname="RationalTest" name="testAdd2" time="0.0" />
  <testcase classname="RationalTest" name="testComparedTo1" time="0.0" />
  <testcase classname="RationalTest" name="testComparedTo2" time="0.0" />
  <testcase classname="RationalTest" name="testToString" time="0.002">
    <failure message="expected:&lt;[4/3]&gt; but was:&lt;[]&gt;" type="junit.framework.AssertionFailedError">junit.framework.AssertionFailedError: expected:&lt;[4/3]&gt; but was:&lt;[]&gt;
	at RationalTest.testToString(Unknown Source)
	at com.intellij.rt.ant.execution.AntMain2.main(AntMain2.java:31)
</failure>
  </testcase>
  <testcase classname="RationalTest" name="testConstruct" time="0.0" />
  <testcase classname="RationalTest" name="testDivide" time="0.0" />
  <testcase classname="RationalTest" name="testMultiply" time="0.0" />
  <system-out><![CDATA[]]></system-out>
  <system-err><![CDATA[]]></system-err>
</testsuite>
