Testsuite: RationalTest
Tests run: 11, Failures: 2, Errors: 0, Skipped: 0, Time elapsed: 0.04 sec

Testcase: testComparedTo took 0.008 sec
Testcase: testAdd took 0 sec
Testcase: testSubtract took 0 sec
Testcase: testEqual took 0.001 sec
	FAILED
null
junit.framework.AssertionFailedError
	at RationalTest.testEqual(Unknown Source)
	at com.intellij.rt.ant.execution.AntMain2.main(AntMain2.java:31)

Testcase: testAdd2 took 0 sec
Testcase: testComparedTo1 took 0 sec
Testcase: testComparedTo2 took 0 sec
Testcase: testToString took 0.001 sec
	FAILED
expected:<[4/3]> but was:<[]>
junit.framework.AssertionFailedError: expected:<[4/3]> but was:<[]>
	at RationalTest.testToString(Unknown Source)
	at com.intellij.rt.ant.execution.AntMain2.main(AntMain2.java:31)

Testcase: testConstruct took 0 sec
Testcase: testDivide took 0 sec
Testcase: testMultiply took 0 sec
